Determining if the pthread_create exist failed with the following output:
Change Dir: /home/muripic/Documents/AED_II/06_ejercitacion_iteradores/cmake-build-debug/CMakeFiles/CMakeTmp

Run Build Command(s):/usr/bin/make cmTC_5315c/fast 
/usr/bin/make -f CMakeFiles/cmTC_5315c.dir/build.make CMakeFiles/cmTC_5315c.dir/build
make[1]: Entering directory '/home/muripic/Documents/AED_II/06_ejercitacion_iteradores/cmake-build-debug/CMakeFiles/CMakeTmp'
Building C object CMakeFiles/cmTC_5315c.dir/CheckSymbolExists.c.o
/usr/bin/cc    -o CMakeFiles/cmTC_5315c.dir/CheckSymbolExists.c.o   -c /home/muripic/Documents/AED_II/06_ejercitacion_iteradores/cmake-build-debug/CMakeFiles/CMakeTmp/CheckSymbolExists.c
Linking C executable cmTC_5315c
/opt/clion-2019.2/bin/cmake/linux/bin/cmake -E cmake_link_script CMakeFiles/cmTC_5315c.dir/link.txt --verbose=1
/usr/bin/cc      -rdynamic CMakeFiles/cmTC_5315c.dir/CheckSymbolExists.c.o  -o cmTC_5315c 
CMakeFiles/cmTC_5315c.dir/CheckSymbolExists.c.o: In function `main':
CheckSymbolExists.c:(.text+0x1b): undefined reference to `pthread_create'
collect2: error: ld returned 1 exit status
CMakeFiles/cmTC_5315c.dir/build.make:86: recipe for target 'cmTC_5315c' failed
make[1]: *** [cmTC_5315c] Error 1
make[1]: Leaving directory '/home/muripic/Documents/AED_II/06_ejercitacion_iteradores/cmake-build-debug/CMakeFiles/CMakeTmp'
Makefile:121: recipe for target 'cmTC_5315c/fast' failed
make: *** [cmTC_5315c/fast] Error 2

File /home/muripic/Documents/AED_II/06_ejercitacion_iteradores/cmake-build-debug/CMakeFiles/CMakeTmp/CheckSymbolExists.c:
/* */
#include <pthread.h>

int main(int argc, char** argv)
{
  (void)argv;
#ifndef pthread_create
  return ((int*)(&pthread_create))[argc];
#else
  (void)argc;
  return 0;
#endif
}

Determining if the function pthread_create exists in the pthreads failed with the following output:
Change Dir: /home/muripic/Documents/AED_II/06_ejercitacion_iteradores/cmake-build-debug/CMakeFiles/CMakeTmp

Run Build Command(s):/usr/bin/make cmTC_c0c79/fast 
/usr/bin/make -f CMakeFiles/cmTC_c0c79.dir/build.make CMakeFiles/cmTC_c0c79.dir/build
make[1]: Entering directory '/home/muripic/Documents/AED_II/06_ejercitacion_iteradores/cmake-build-debug/CMakeFiles/CMakeTmp'
Building C object CMakeFiles/cmTC_c0c79.dir/CheckFunctionExists.c.o
/usr/bin/cc   -DCHECK_FUNCTION_EXISTS=pthread_create   -o CMakeFiles/cmTC_c0c79.dir/CheckFunctionExists.c.o   -c /opt/clion-2019.2/bin/cmake/linux/share/cmake-3.14/Modules/CheckFunctionExists.c
Linking C executable cmTC_c0c79
/opt/clion-2019.2/bin/cmake/linux/bin/cmake -E cmake_link_script CMakeFiles/cmTC_c0c79.dir/link.txt --verbose=1
/usr/bin/cc  -DCHECK_FUNCTION_EXISTS=pthread_create    -rdynamic CMakeFiles/cmTC_c0c79.dir/CheckFunctionExists.c.o  -o cmTC_c0c79 -lpthreads 
/usr/bin/ld: cannot find -lpthreads
collect2: error: ld returned 1 exit status
CMakeFiles/cmTC_c0c79.dir/build.make:86: recipe for target 'cmTC_c0c79' failed
make[1]: *** [cmTC_c0c79] Error 1
make[1]: Leaving directory '/home/muripic/Documents/AED_II/06_ejercitacion_iteradores/cmake-build-debug/CMakeFiles/CMakeTmp'
Makefile:121: recipe for target 'cmTC_c0c79/fast' failed
make: *** [cmTC_c0c79/fast] Error 2


